<?xml version="1.0" encoding="UTF-8"?>
<robot generator="Robot 3.1.2 (Python 3.7.2 on darwin)" generated="20190916 21:58:07.508" rpa="false">
<suite id="s1" name="Amazon CheckOut" source="/Users/sharanbadni/PycharmProjects/RFSelenium/Tests/Amazon_CheckOut.robot">
<test id="s1-t1" name="User Must sign in to check out">
<kw name="Open Browser" library="SeleniumLibrary">
<doc>Opens a new browser instance to the given ``url``.</doc>
<arguments>
<arg>https://www.amazon.in/</arg>
<arg>chrome</arg>
</arguments>
<msg timestamp="20190916 21:58:07.640" level="INFO">Opening browser 'chrome' to base url 'https://www.amazon.in/'.</msg>
<status status="PASS" starttime="20190916 21:58:07.640" endtime="20190916 21:58:12.179"></status>
</kw>
<kw name="Maximize Browser Window" library="SeleniumLibrary">
<doc>Maximizes current browser window.</doc>
<status status="PASS" starttime="20190916 21:58:12.179" endtime="20190916 21:58:12.516"></status>
</kw>
<kw name="Wait Until Page Contains" library="SeleniumLibrary">
<doc>Waits until ``text`` appears on current page.</doc>
<arguments>
<arg>Best Sellers</arg>
</arguments>
<status status="PASS" starttime="20190916 21:58:12.516" endtime="20190916 21:58:12.542"></status>
</kw>
<kw name="Input Text" library="SeleniumLibrary">
<doc>Types the given ``text`` into text field identified by ``locator``.</doc>
<arguments>
<arg>id=twotabsearchtextbox</arg>
<arg>ferrari 458</arg>
</arguments>
<msg timestamp="20190916 21:58:12.543" level="INFO">Typing text 'ferrari 458' into text field 'id=twotabsearchtextbox'.</msg>
<status status="PASS" starttime="20190916 21:58:12.542" endtime="20190916 21:58:12.721"></status>
</kw>
<kw name="Click Button" library="SeleniumLibrary">
<doc>Clicks button identified by ``locator``.</doc>
<arguments>
<arg>xpath=//div[@class='nav-search-submit nav-sprite']/input</arg>
</arguments>
<msg timestamp="20190916 21:58:12.721" level="INFO">Clicking button 'xpath=//div[@class='nav-search-submit nav-sprite']/input'.</msg>
<status status="PASS" starttime="20190916 21:58:12.721" endtime="20190916 21:58:15.326"></status>
</kw>
<kw name="Wait Until Page Contains" library="SeleniumLibrary">
<doc>Waits until ``text`` appears on current page.</doc>
<arguments>
<arg>ferrari 458</arg>
</arguments>
<status status="PASS" starttime="20190916 21:58:15.327" endtime="20190916 21:58:15.358"></status>
</kw>
<kw name="Click Link" library="SeleniumLibrary">
<doc>Clicks a link identified by ``locator``.</doc>
<arguments>
<arg>xpath=(//span[contains(text(), 'Ferrari 458 ')]/..)[1]</arg>
</arguments>
<msg timestamp="20190916 21:58:15.359" level="INFO">Clicking link 'xpath=(//span[contains(text(), 'Ferrari 458 ')]/..)[1]'.</msg>
<status status="PASS" starttime="20190916 21:58:15.358" endtime="20190916 21:58:15.530"></status>
</kw>
<kw name="Sleep" library="BuiltIn">
<doc>Pauses the test executed for the given time.</doc>
<arguments>
<arg>3s</arg>
</arguments>
<msg timestamp="20190916 21:58:18.532" level="INFO">Slept 3 seconds</msg>
<status status="PASS" starttime="20190916 21:58:15.530" endtime="20190916 21:58:18.532"></status>
</kw>
<kw name="Get Window Titles" library="SeleniumLibrary">
<doc>Returns and logs titles of all known browser windows.</doc>
<assign>
<var>@{Windowtitles}</var>
</assign>
<msg timestamp="20190916 21:58:18.800" level="INFO">Altogether 2 items.
1: Amazon.in: ferrari 458
2: Buy ToysCentral Ferrari 458 Speciale A 1:14 Scale Remote Controlled Car, Officially Licensed Rastar Model, Red Online at Low Prices in India - Amazon.in</msg>
<msg timestamp="20190916 21:58:18.801" level="INFO">@{Windowtitles} = [ Amazon.in: ferrari 458 | Buy ToysCentral Ferrari 458 Speciale A 1:14 Scale Remote Controlled Car, Officially Licensed Rastar Model, Red Online at Low Prices in India - Amazon.in ]</msg>
<status status="PASS" starttime="20190916 21:58:18.533" endtime="20190916 21:58:18.801"></status>
</kw>
<kw name="Get From List" library="Collections">
<doc>Returns the value specified with an ``index`` from ``list``.</doc>
<arguments>
<arg>${Windowtitles}</arg>
<arg>0</arg>
</arguments>
<assign>
<var>${mainwindow}</var>
</assign>
<msg timestamp="20190916 21:58:18.801" level="INFO">${mainwindow} = Amazon.in: ferrari 458</msg>
<status status="PASS" starttime="20190916 21:58:18.801" endtime="20190916 21:58:18.801"></status>
</kw>
<kw name="Get From List" library="Collections">
<doc>Returns the value specified with an ``index`` from ``list``.</doc>
<arguments>
<arg>${Windowtitles}</arg>
<arg>1</arg>
</arguments>
<assign>
<var>${childwondow}</var>
</assign>
<msg timestamp="20190916 21:58:18.802" level="INFO">${childwondow} = Buy ToysCentral Ferrari 458 Speciale A 1:14 Scale Remote Controlled Car, Officially Licensed Rastar Model, Red Online at Low Prices in India - Amazon.in</msg>
<status status="PASS" starttime="20190916 21:58:18.801" endtime="20190916 21:58:18.802"></status>
</kw>
<kw name="Log To Console" library="BuiltIn">
<doc>Logs the given message to the console.</doc>
<arguments>
<arg>the window name is ${mainwindow}</arg>
</arguments>
<status status="PASS" starttime="20190916 21:58:18.802" endtime="20190916 21:58:18.802"></status>
</kw>
<kw name="Log To Console" library="BuiltIn">
<doc>Logs the given message to the console.</doc>
<arguments>
<arg>the window name is ${childwondow}</arg>
</arguments>
<status status="PASS" starttime="20190916 21:58:18.803" endtime="20190916 21:58:18.803"></status>
</kw>
<kw name="Select Window" library="SeleniumLibrary">
<doc>Selects browser window matching ``locator``.</doc>
<arguments>
<arg>${childwondow}</arg>
</arguments>
<status status="PASS" starttime="20190916 21:58:18.803" endtime="20190916 21:58:18.989"></status>
</kw>
<kw name="Click Button" library="SeleniumLibrary">
<doc>Clicks button identified by ``locator``.</doc>
<arguments>
<arg>id=add-to-cart-button</arg>
</arguments>
<msg timestamp="20190916 21:58:18.990" level="INFO">Clicking button 'id=add-to-cart-button'.</msg>
<status status="PASS" starttime="20190916 21:58:18.990" endtime="20190916 21:58:20.534"></status>
</kw>
<kw name="Sleep" library="BuiltIn">
<doc>Pauses the test executed for the given time.</doc>
<arguments>
<arg>2s</arg>
</arguments>
<msg timestamp="20190916 21:58:22.535" level="INFO">Slept 2 seconds</msg>
<status status="PASS" starttime="20190916 21:58:20.534" endtime="20190916 21:58:22.535"></status>
</kw>
<kw name="Close Browser" library="SeleniumLibrary">
<doc>Closes the current browser.</doc>
<status status="PASS" starttime="20190916 21:58:22.535" endtime="20190916 21:58:22.671"></status>
</kw>
<doc>This is some basic info about test</doc>
<tags>
<tag>Smoke</tag>
</tags>
<status status="PASS" starttime="20190916 21:58:07.640" endtime="20190916 21:58:22.672" critical="yes"></status>
</test>
<doc>Validate user can able to checkout</doc>
<status status="PASS" starttime="20190916 21:58:07.510" endtime="20190916 21:58:22.673"></status>
</suite>
<statistics>
<total>
<stat pass="1" fail="0">Critical Tests</stat>
<stat pass="1" fail="0">All Tests</stat>
</total>
<tag>
<stat pass="1" fail="0">Smoke</stat>
</tag>
<suite>
<stat pass="1" fail="0" id="s1" name="Amazon CheckOut">Amazon CheckOut</stat>
</suite>
</statistics>
<errors>
</errors>
</robot>
